Analysis & Synthesis report for BB_SYSTEM
Sun Oct 29 19:30:50 2023
Quartus Prime Version 19.1.0 Build 670 09/22/2019 SJ Lite Edition


---------------------
; Table of Contents ;
---------------------
  1. Legal Notice
  2. Analysis & Synthesis Summary
  3. Analysis & Synthesis Settings
  4. Parallel Compilation
  5. Analysis & Synthesis Source Files Read
  6. Analysis & Synthesis Resource Usage Summary
  7. Analysis & Synthesis Resource Utilization by Entity
  8. State Machine - |BB_SYSTEM|matrix_ctrl:matrix_ctrl_unit_0|state_reg
  9. User-Specified and Inferred Latches
 10. Registers Removed During Synthesis
 11. Removed Registers Triggering Further Register Optimizations
 12. General Register Statistics
 13. Multiplexer Restructuring Statistics (Restructuring Performed)
 14. Parameter Settings for User Entity Instance: Top-level Entity: |BB_SYSTEM
 15. Parameter Settings for User Entity Instance: SC_DEBOUNCE1:SC_DEBOUNCE1_u0
 16. Parameter Settings for User Entity Instance: SC_DEBOUNCE1:SC_DEBOUNCE1_u1
 17. Parameter Settings for User Entity Instance: SC_DEBOUNCE1:SC_DEBOUNCE1_u2
 18. Parameter Settings for User Entity Instance: matrix_ctrl:matrix_ctrl_unit_0|shift_reg_start_done:shift_reg_start_done_unit_0
 19. Port Connectivity Checks: "matrix_ctrl:matrix_ctrl_unit_0|shift_reg_start_done:shift_reg_start_done_unit_0"
 20. Port Connectivity Checks: "matrix_ctrl:matrix_ctrl_unit_0"
 21. Post-Synthesis Netlist Statistics for Top Partition
 22. Elapsed Time Per Partition
 23. Analysis & Synthesis Messages
 24. Analysis & Synthesis Suppressed Messages



----------------
; Legal Notice ;
----------------
Copyright (C) 2019  Intel Corporation. All rights reserved.
Your use of Intel Corporation's design tools, logic functions 
and other software and tools, and any partner logic 
functions, and any output files from any of the foregoing 
(including device programming or simulation files), and any 
associated documentation or information are expressly subject 
to the terms and conditions of the Intel Program License 
Subscription Agreement, the Intel Quartus Prime License Agreement,
the Intel FPGA IP License Agreement, or other applicable license
agreement, including, without limitation, that your use is for
the sole purpose of programming logic devices manufactured by
Intel and sold by Intel or its authorized distributors.  Please
refer to the applicable agreement for further details, at
https://fpgasoftware.intel.com/eula.



+----------------------------------------------------------------------------------+
; Analysis & Synthesis Summary                                                     ;
+------------------------------------+---------------------------------------------+
; Analysis & Synthesis Status        ; Successful - Sun Oct 29 19:30:50 2023       ;
; Quartus Prime Version              ; 19.1.0 Build 670 09/22/2019 SJ Lite Edition ;
; Revision Name                      ; BB_SYSTEM                                   ;
; Top-level Entity Name              ; BB_SYSTEM                                   ;
; Family                             ; Cyclone IV E                                ;
; Total logic elements               ; 169                                         ;
;     Total combinational functions  ; 168                                         ;
;     Dedicated logic registers      ; 97                                          ;
; Total registers                    ; 97                                          ;
; Total pins                         ; 11                                          ;
; Total virtual pins                 ; 0                                           ;
; Total memory bits                  ; 0                                           ;
; Embedded Multiplier 9-bit elements ; 0                                           ;
; Total PLLs                         ; 0                                           ;
+------------------------------------+---------------------------------------------+


+------------------------------------------------------------------------------------------------------------+
; Analysis & Synthesis Settings                                                                              ;
+------------------------------------------------------------------+--------------------+--------------------+
; Option                                                           ; Setting            ; Default Value      ;
+------------------------------------------------------------------+--------------------+--------------------+
; Device                                                           ; EP4CE22F17C6       ;                    ;
; Top-level entity name                                            ; BB_SYSTEM          ; BB_SYSTEM          ;
; Family name                                                      ; Cyclone IV E       ; Cyclone V          ;
; Maximum processors allowed for parallel compilation              ; 4                  ;                    ;
; Use smart compilation                                            ; Off                ; Off                ;
; Enable parallel Assembler and Timing Analyzer during compilation ; On                 ; On                 ;
; Enable compact report table                                      ; Off                ; Off                ;
; Restructure Multiplexers                                         ; Auto               ; Auto               ;
; Create Debugging Nodes for IP Cores                              ; Off                ; Off                ;
; Preserve fewer node names                                        ; On                 ; On                 ;
; Intel FPGA IP Evaluation Mode                                    ; Enable             ; Enable             ;
; Verilog Version                                                  ; Verilog_2001       ; Verilog_2001       ;
; VHDL Version                                                     ; VHDL_1993          ; VHDL_1993          ;
; State Machine Processing                                         ; Auto               ; Auto               ;
; Safe State Machine                                               ; Off                ; Off                ;
; Extract Verilog State Machines                                   ; On                 ; On                 ;
; Extract VHDL State Machines                                      ; On                 ; On                 ;
; Ignore Verilog initial constructs                                ; Off                ; Off                ;
; Iteration limit for constant Verilog loops                       ; 5000               ; 5000               ;
; Iteration limit for non-constant Verilog loops                   ; 250                ; 250                ;
; Add Pass-Through Logic to Inferred RAMs                          ; On                 ; On                 ;
; Infer RAMs from Raw Logic                                        ; On                 ; On                 ;
; Parallel Synthesis                                               ; On                 ; On                 ;
; DSP Block Balancing                                              ; Auto               ; Auto               ;
; NOT Gate Push-Back                                               ; On                 ; On                 ;
; Power-Up Don't Care                                              ; On                 ; On                 ;
; Remove Redundant Logic Cells                                     ; Off                ; Off                ;
; Remove Duplicate Registers                                       ; On                 ; On                 ;
; Ignore CARRY Buffers                                             ; Off                ; Off                ;
; Ignore CASCADE Buffers                                           ; Off                ; Off                ;
; Ignore GLOBAL Buffers                                            ; Off                ; Off                ;
; Ignore ROW GLOBAL Buffers                                        ; Off                ; Off                ;
; Ignore LCELL Buffers                                             ; Off                ; Off                ;
; Ignore SOFT Buffers                                              ; On                 ; On                 ;
; Limit AHDL Integers to 32 Bits                                   ; Off                ; Off                ;
; Optimization Technique                                           ; Balanced           ; Balanced           ;
; Carry Chain Length                                               ; 70                 ; 70                 ;
; Auto Carry Chains                                                ; On                 ; On                 ;
; Auto Open-Drain Pins                                             ; On                 ; On                 ;
; Perform WYSIWYG Primitive Resynthesis                            ; Off                ; Off                ;
; Auto ROM Replacement                                             ; On                 ; On                 ;
; Auto RAM Replacement                                             ; On                 ; On                 ;
; Auto DSP Block Replacement                                       ; On                 ; On                 ;
; Auto Shift Register Replacement                                  ; Auto               ; Auto               ;
; Allow Shift Register Merging across Hierarchies                  ; Auto               ; Auto               ;
; Auto Clock Enable Replacement                                    ; On                 ; On                 ;
; Strict RAM Replacement                                           ; Off                ; Off                ;
; Allow Synchronous Control Signals                                ; On                 ; On                 ;
; Force Use of Synchronous Clear Signals                           ; Off                ; Off                ;
; Auto RAM Block Balancing                                         ; On                 ; On                 ;
; Auto RAM to Logic Cell Conversion                                ; Off                ; Off                ;
; Auto Resource Sharing                                            ; Off                ; Off                ;
; Allow Any RAM Size For Recognition                               ; Off                ; Off                ;
; Allow Any ROM Size For Recognition                               ; Off                ; Off                ;
; Allow Any Shift Register Size For Recognition                    ; Off                ; Off                ;
; Use LogicLock Constraints during Resource Balancing              ; On                 ; On                 ;
; Ignore translate_off and synthesis_off directives                ; Off                ; Off                ;
; Timing-Driven Synthesis                                          ; On                 ; On                 ;
; Report Parameter Settings                                        ; On                 ; On                 ;
; Report Source Assignments                                        ; On                 ; On                 ;
; Report Connectivity Checks                                       ; On                 ; On                 ;
; Ignore Maximum Fan-Out Assignments                               ; Off                ; Off                ;
; Synchronization Register Chain Length                            ; 2                  ; 2                  ;
; Power Optimization During Synthesis                              ; Normal compilation ; Normal compilation ;
; HDL message level                                                ; Level2             ; Level2             ;
; Suppress Register Optimization Related Messages                  ; Off                ; Off                ;
; Number of Removed Registers Reported in Synthesis Report         ; 5000               ; 5000               ;
; Number of Swept Nodes Reported in Synthesis Report               ; 5000               ; 5000               ;
; Number of Inverted Registers Reported in Synthesis Report        ; 100                ; 100                ;
; Clock MUX Protection                                             ; On                 ; On                 ;
; Auto Gated Clock Conversion                                      ; Off                ; Off                ;
; Block Design Naming                                              ; Auto               ; Auto               ;
; SDC constraint protection                                        ; Off                ; Off                ;
; Synthesis Effort                                                 ; Auto               ; Auto               ;
; Shift Register Replacement - Allow Asynchronous Clear Signal     ; On                 ; On                 ;
; Pre-Mapping Resynthesis Optimization                             ; Off                ; Off                ;
; Analysis & Synthesis Message Level                               ; Medium             ; Medium             ;
; Disable Register Merging Across Hierarchies                      ; Auto               ; Auto               ;
; Resource Aware Inference For Block RAM                           ; On                 ; On                 ;
+------------------------------------------------------------------+--------------------+--------------------+


+------------------------------------------+
; Parallel Compilation                     ;
+----------------------------+-------------+
; Processors                 ; Number      ;
+----------------------------+-------------+
; Number detected on machine ; 8           ;
; Maximum allowed            ; 4           ;
;                            ;             ;
; Average used               ; 1.00        ;
; Maximum used               ; 4           ;
;                            ;             ;
; Usage by Processor         ; % Time Used ;
;     Processor 1            ; 100.0%      ;
;     Processors 2-4         ;   0.0%      ;
+----------------------------+-------------+


+----------------------------------------------------------------------------------------------------------------------------------------------------------------------------------------------------------------------------------------------------+
; Analysis & Synthesis Source Files Read                                                                                                                                                                                                             ;
+----------------------------------+-----------------+------------------------+------------------------------------------------------------------------------------------------------------------------------------------------------------+---------+
; File Name with User-Entered Path ; Used in Netlist ; File Type              ; File Name with Absolute Path                                                                                                                               ; Library ;
+----------------------------------+-----------------+------------------------+------------------------------------------------------------------------------------------------------------------------------------------------------------+---------+
; rtl/shift_reg_start_done.v       ; yes             ; User Verilog HDL File  ; C:/Users/Asus ROG Zephyrus/OneDrive - Universidad de los Andes/Octavo Semestre/Digitales/M06/pruebaLibM06-main/2010-PRJ0_BASE_1/rtl/shift_reg_start_done.v ;         ;
; rtl/max7219_ctrl.v               ; yes             ; User Verilog HDL File  ; C:/Users/Asus ROG Zephyrus/OneDrive - Universidad de los Andes/Octavo Semestre/Digitales/M06/pruebaLibM06-main/2010-PRJ0_BASE_1/rtl/max7219_ctrl.v         ;         ;
; rtl/SC_DEBOUNCE1.v               ; yes             ; User Verilog HDL File  ; C:/Users/Asus ROG Zephyrus/OneDrive - Universidad de los Andes/Octavo Semestre/Digitales/M06/pruebaLibM06-main/2010-PRJ0_BASE_1/rtl/SC_DEBOUNCE1.v         ;         ;
; BB_SYSTEM.v                      ; yes             ; User Verilog HDL File  ; C:/Users/Asus ROG Zephyrus/OneDrive - Universidad de los Andes/Octavo Semestre/Digitales/M06/pruebaLibM06-main/2010-PRJ0_BASE_1/BB_SYSTEM.v                ;         ;
+----------------------------------+-----------------+------------------------+------------------------------------------------------------------------------------------------------------------------------------------------------------+---------+


+------------------------------------------------------------------------+
; Analysis & Synthesis Resource Usage Summary                            ;
+---------------------------------------------+--------------------------+
; Resource                                    ; Usage                    ;
+---------------------------------------------+--------------------------+
; Estimated Total logic elements              ; 169                      ;
;                                             ;                          ;
; Total combinational functions               ; 168                      ;
; Logic element usage by number of LUT inputs ;                          ;
;     -- 4 input functions                    ; 72                       ;
;     -- 3 input functions                    ; 28                       ;
;     -- <=2 input functions                  ; 68                       ;
;                                             ;                          ;
; Logic elements by mode                      ;                          ;
;     -- normal mode                          ; 123                      ;
;     -- arithmetic mode                      ; 45                       ;
;                                             ;                          ;
; Total registers                             ; 97                       ;
;     -- Dedicated logic registers            ; 97                       ;
;     -- I/O registers                        ; 0                        ;
;                                             ;                          ;
; I/O pins                                    ; 11                       ;
;                                             ;                          ;
; Embedded Multiplier 9-bit elements          ; 0                        ;
;                                             ;                          ;
; Maximum fan-out node                        ; BB_SYSTEM_CLOCK_50~input ;
; Maximum fan-out                             ; 97                       ;
; Total fan-out                               ; 888                      ;
; Average fan-out                             ; 3.09                     ;
+---------------------------------------------+--------------------------+


+------------------------------------------------------------------------------------------------------------------------------------------------------------------------------------------------------------------------------------------------------------------------------------------------------------------------+
; Analysis & Synthesis Resource Utilization by Entity                                                                                                                                                                                                                                                                    ;
+----------------------------------------------------------+---------------------+---------------------------+-------------+--------------+---------+-----------+------+--------------+--------------------------------------------------------------------------------------------+----------------------+--------------+
; Compilation Hierarchy Node                               ; Combinational ALUTs ; Dedicated Logic Registers ; Memory Bits ; DSP Elements ; DSP 9x9 ; DSP 18x18 ; Pins ; Virtual Pins ; Full Hierarchy Name                                                                        ; Entity Name          ; Library Name ;
+----------------------------------------------------------+---------------------+---------------------------+-------------+--------------+---------+-----------+------+--------------+--------------------------------------------------------------------------------------------+----------------------+--------------+
; |BB_SYSTEM                                               ; 168 (0)             ; 97 (0)                    ; 0           ; 0            ; 0       ; 0         ; 11   ; 0            ; |BB_SYSTEM                                                                                 ; BB_SYSTEM            ; work         ;
;    |SC_DEBOUNCE1:SC_DEBOUNCE1_u0|                        ; 27 (27)             ; 14 (14)                   ; 0           ; 0            ; 0       ; 0         ; 0    ; 0            ; |BB_SYSTEM|SC_DEBOUNCE1:SC_DEBOUNCE1_u0                                                    ; SC_DEBOUNCE1         ; work         ;
;    |SC_DEBOUNCE1:SC_DEBOUNCE1_u1|                        ; 27 (27)             ; 14 (14)                   ; 0           ; 0            ; 0       ; 0         ; 0    ; 0            ; |BB_SYSTEM|SC_DEBOUNCE1:SC_DEBOUNCE1_u1                                                    ; SC_DEBOUNCE1         ; work         ;
;    |SC_DEBOUNCE1:SC_DEBOUNCE1_u2|                        ; 27 (27)             ; 14 (14)                   ; 0           ; 0            ; 0       ; 0         ; 0    ; 0            ; |BB_SYSTEM|SC_DEBOUNCE1:SC_DEBOUNCE1_u2                                                    ; SC_DEBOUNCE1         ; work         ;
;    |matrix_ctrl:matrix_ctrl_unit_0|                      ; 87 (36)             ; 55 (23)                   ; 0           ; 0            ; 0       ; 0         ; 0    ; 0            ; |BB_SYSTEM|matrix_ctrl:matrix_ctrl_unit_0                                                  ; matrix_ctrl          ; work         ;
;       |shift_reg_start_done:shift_reg_start_done_unit_0| ; 51 (51)             ; 32 (32)                   ; 0           ; 0            ; 0       ; 0         ; 0    ; 0            ; |BB_SYSTEM|matrix_ctrl:matrix_ctrl_unit_0|shift_reg_start_done:shift_reg_start_done_unit_0 ; shift_reg_start_done ; work         ;
+----------------------------------------------------------+---------------------+---------------------------+-------------+--------------+---------+-----------+------+--------------+--------------------------------------------------------------------------------------------+----------------------+--------------+
Note: For table entries with two numbers listed, the numbers in parentheses indicate the number of resources of the given type used by the specific entity alone. The numbers listed outside of parentheses indicate the total resources of the given type used by the specific entity and all of its sub-entities in the hierarchy.


Encoding Type:  One-Hot
+-------------------------------------------------------------------------------------------------------------------------------------------------------------------------------------------------------------------------------------------------------------------------------------------------------------------------------------------------------------------------------------------------------------------------------------------------------------------------------------------------------------------------------------------------------------+
; State Machine - |BB_SYSTEM|matrix_ctrl:matrix_ctrl_unit_0|state_reg                                                                                                                                                                                                                                                                                                                                                                                                                                                                                         ;
+----------------------------------------+----------------------------------------+----------------------------+------------------------------------+------------------------+------------------------------------+------------------------+-------------------------------------+-------------------------+---------------------------------+---------------------+---------------------------------------+---------------------------+------------------------------------+------------------------+---------------------+-----------------+----------------+
; Name                                   ; state_reg.DISPLAY_TEST_OFF_WAIT2FINISH ; state_reg.DISPLAY_TEST_OFF ; state_reg.DISPLAY_TEST_WAIT2FINISH ; state_reg.DISPLAY_TEST ; state_reg.DIS_SHUTDOWN_WAIT2FINISH ; state_reg.DIS_SHUTDOWN ; state_reg.SET_SCAN_MODE_WAIT2FINISH ; state_reg.SET_SCAN_MODE ; state_reg.INTENSITY_WAIT2FINISH ; state_reg.INTENSITY ; state_reg.SET_DECODE_MODE_WAIT2FINISH ; state_reg.SET_DECODE_MODE ; state_reg.UPDATE_FRAME_WAIT2FINISH ; state_reg.UPDATE_FRAME ; state_reg.MAIN_LOOP ; state_reg.START ; state_reg.STOP ;
+----------------------------------------+----------------------------------------+----------------------------+------------------------------------+------------------------+------------------------------------+------------------------+-------------------------------------+-------------------------+---------------------------------+---------------------+---------------------------------------+---------------------------+------------------------------------+------------------------+---------------------+-----------------+----------------+
; state_reg.START                        ; 0                                      ; 0                          ; 0                                  ; 0                      ; 0                                  ; 0                      ; 0                                   ; 0                       ; 0                               ; 0                   ; 0                                     ; 0                         ; 0                                  ; 0                      ; 0                   ; 0               ; 0              ;
; state_reg.MAIN_LOOP                    ; 0                                      ; 0                          ; 0                                  ; 0                      ; 0                                  ; 0                      ; 0                                   ; 0                       ; 0                               ; 0                   ; 0                                     ; 0                         ; 0                                  ; 0                      ; 1                   ; 1               ; 0              ;
; state_reg.UPDATE_FRAME                 ; 0                                      ; 0                          ; 0                                  ; 0                      ; 0                                  ; 0                      ; 0                                   ; 0                       ; 0                               ; 0                   ; 0                                     ; 0                         ; 0                                  ; 1                      ; 0                   ; 1               ; 0              ;
; state_reg.UPDATE_FRAME_WAIT2FINISH     ; 0                                      ; 0                          ; 0                                  ; 0                      ; 0                                  ; 0                      ; 0                                   ; 0                       ; 0                               ; 0                   ; 0                                     ; 0                         ; 1                                  ; 0                      ; 0                   ; 1               ; 0              ;
; state_reg.SET_DECODE_MODE              ; 0                                      ; 0                          ; 0                                  ; 0                      ; 0                                  ; 0                      ; 0                                   ; 0                       ; 0                               ; 0                   ; 0                                     ; 1                         ; 0                                  ; 0                      ; 0                   ; 1               ; 0              ;
; state_reg.SET_DECODE_MODE_WAIT2FINISH  ; 0                                      ; 0                          ; 0                                  ; 0                      ; 0                                  ; 0                      ; 0                                   ; 0                       ; 0                               ; 0                   ; 1                                     ; 0                         ; 0                                  ; 0                      ; 0                   ; 1               ; 0              ;
; state_reg.INTENSITY                    ; 0                                      ; 0                          ; 0                                  ; 0                      ; 0                                  ; 0                      ; 0                                   ; 0                       ; 0                               ; 1                   ; 0                                     ; 0                         ; 0                                  ; 0                      ; 0                   ; 1               ; 0              ;
; state_reg.INTENSITY_WAIT2FINISH        ; 0                                      ; 0                          ; 0                                  ; 0                      ; 0                                  ; 0                      ; 0                                   ; 0                       ; 1                               ; 0                   ; 0                                     ; 0                         ; 0                                  ; 0                      ; 0                   ; 1               ; 0              ;
; state_reg.SET_SCAN_MODE                ; 0                                      ; 0                          ; 0                                  ; 0                      ; 0                                  ; 0                      ; 0                                   ; 1                       ; 0                               ; 0                   ; 0                                     ; 0                         ; 0                                  ; 0                      ; 0                   ; 1               ; 0              ;
; state_reg.SET_SCAN_MODE_WAIT2FINISH    ; 0                                      ; 0                          ; 0                                  ; 0                      ; 0                                  ; 0                      ; 1                                   ; 0                       ; 0                               ; 0                   ; 0                                     ; 0                         ; 0                                  ; 0                      ; 0                   ; 1               ; 0              ;
; state_reg.DIS_SHUTDOWN                 ; 0                                      ; 0                          ; 0                                  ; 0                      ; 0                                  ; 1                      ; 0                                   ; 0                       ; 0                               ; 0                   ; 0                                     ; 0                         ; 0                                  ; 0                      ; 0                   ; 1               ; 0              ;
; state_reg.DIS_SHUTDOWN_WAIT2FINISH     ; 0                                      ; 0                          ; 0                                  ; 0                      ; 1                                  ; 0                      ; 0                                   ; 0                       ; 0                               ; 0                   ; 0                                     ; 0                         ; 0                                  ; 0                      ; 0                   ; 1               ; 0              ;
; state_reg.DISPLAY_TEST                 ; 0                                      ; 0                          ; 0                                  ; 1                      ; 0                                  ; 0                      ; 0                                   ; 0                       ; 0                               ; 0                   ; 0                                     ; 0                         ; 0                                  ; 0                      ; 0                   ; 1               ; 0              ;
; state_reg.DISPLAY_TEST_WAIT2FINISH     ; 0                                      ; 0                          ; 1                                  ; 0                      ; 0                                  ; 0                      ; 0                                   ; 0                       ; 0                               ; 0                   ; 0                                     ; 0                         ; 0                                  ; 0                      ; 0                   ; 1               ; 0              ;
; state_reg.DISPLAY_TEST_OFF             ; 0                                      ; 1                          ; 0                                  ; 0                      ; 0                                  ; 0                      ; 0                                   ; 0                       ; 0                               ; 0                   ; 0                                     ; 0                         ; 0                                  ; 0                      ; 0                   ; 1               ; 0              ;
; state_reg.DISPLAY_TEST_OFF_WAIT2FINISH ; 1                                      ; 0                          ; 0                                  ; 0                      ; 0                                  ; 0                      ; 0                                   ; 0                       ; 0                               ; 0                   ; 0                                     ; 0                         ; 0                                  ; 0                      ; 0                   ; 1               ; 0              ;
; state_reg.STOP                         ; 0                                      ; 0                          ; 0                                  ; 0                      ; 0                                  ; 0                      ; 0                                   ; 0                       ; 0                               ; 0                   ; 0                                     ; 0                         ; 0                                  ; 0                      ; 0                   ; 1               ; 1              ;
+----------------------------------------+----------------------------------------+----------------------------+------------------------------------+------------------------+------------------------------------+------------------------+-------------------------------------+-------------------------+---------------------------------+---------------------+---------------------------------------+---------------------------+------------------------------------+------------------------+---------------------+-----------------+----------------+


+----------------------------------------------------------------------------------------------------------------------------------+
; User-Specified and Inferred Latches                                                                                              ;
+----------------------------------------------------+----------------------------------------------------+------------------------+
; Latch Name                                         ; Latch Enable Signal                                ; Free of Timing Hazards ;
+----------------------------------------------------+----------------------------------------------------+------------------------+
; matrix_ctrl:matrix_ctrl_unit_0|ctrl_sr[1]          ; matrix_ctrl:matrix_ctrl_unit_0|state_reg.MAIN_LOOP ; yes                    ;
; matrix_ctrl:matrix_ctrl_unit_0|ctrl_sr[0]          ; matrix_ctrl:matrix_ctrl_unit_0|state_reg.MAIN_LOOP ; yes                    ;
; Number of user-specified and inferred latches = 2  ;                                                    ;                        ;
+----------------------------------------------------+----------------------------------------------------+------------------------+
Note: All latches listed above may not be present at the end of synthesis due to various synthesis optimizations.


+---------------------------------------------------------------------------------------------------------------------------------+
; Registers Removed During Synthesis                                                                                              ;
+-------------------------------------------------------------------+-------------------------------------------------------------+
; Register name                                                     ; Reason for Removal                                          ;
+-------------------------------------------------------------------+-------------------------------------------------------------+
; matrix_ctrl:matrix_ctrl_unit_0|Trig_Register1                     ; Merged with matrix_ctrl:matrix_ctrl_unit_0|clk_driver_reg~0 ;
; matrix_ctrl:matrix_ctrl_unit_0|state_reg~21                       ; Lost fanout                                                 ;
; matrix_ctrl:matrix_ctrl_unit_0|state_reg~22                       ; Lost fanout                                                 ;
; matrix_ctrl:matrix_ctrl_unit_0|state_reg~23                       ; Lost fanout                                                 ;
; matrix_ctrl:matrix_ctrl_unit_0|state_reg~25                       ; Lost fanout                                                 ;
; matrix_ctrl:matrix_ctrl_unit_0|state_reg~26                       ; Lost fanout                                                 ;
; matrix_ctrl:matrix_ctrl_unit_0|state_reg~27                       ; Lost fanout                                                 ;
; matrix_ctrl:matrix_ctrl_unit_0|state_reg~28                       ; Lost fanout                                                 ;
; matrix_ctrl:matrix_ctrl_unit_0|state_reg.DISPLAY_TEST             ; Stuck at GND due to stuck port data_in                      ;
; matrix_ctrl:matrix_ctrl_unit_0|state_reg.STOP                     ; Stuck at GND due to stuck port data_in                      ;
; matrix_ctrl:matrix_ctrl_unit_0|state_reg.DISPLAY_TEST_WAIT2FINISH ; Stuck at GND due to stuck port data_in                      ;
; Total Number of Removed Registers = 11                            ;                                                             ;
+-------------------------------------------------------------------+-------------------------------------------------------------+


+-------------------------------------------------------------------------------------------------------------------------------------------------------+
; Removed Registers Triggering Further Register Optimizations                                                                                           ;
+-------------------------------------------------------+---------------------------+-------------------------------------------------------------------+
; Register name                                         ; Reason for Removal        ; Registers Removed due to This Register                            ;
+-------------------------------------------------------+---------------------------+-------------------------------------------------------------------+
; matrix_ctrl:matrix_ctrl_unit_0|state_reg.DISPLAY_TEST ; Stuck at GND              ; matrix_ctrl:matrix_ctrl_unit_0|state_reg.DISPLAY_TEST_WAIT2FINISH ;
;                                                       ; due to stuck port data_in ;                                                                   ;
+-------------------------------------------------------+---------------------------+-------------------------------------------------------------------+


+------------------------------------------------------+
; General Register Statistics                          ;
+----------------------------------------------+-------+
; Statistic                                    ; Value ;
+----------------------------------------------+-------+
; Total registers                              ; 97    ;
; Number of registers using Synchronous Clear  ; 50    ;
; Number of registers using Synchronous Load   ; 10    ;
; Number of registers using Asynchronous Clear ; 55    ;
; Number of registers using Asynchronous Load  ; 0     ;
; Number of registers using Clock Enable       ; 50    ;
; Number of registers using Preset             ; 0     ;
+----------------------------------------------+-------+


+----------------------------------------------------------------------------------------------------------------------------------------------------------------------------------------------------------------------+
; Multiplexer Restructuring Statistics (Restructuring Performed)                                                                                                                                                       ;
+--------------------+-----------+---------------+----------------------+------------------------+------------+--------------------------------------------------------------------------------------------------------+
; Multiplexer Inputs ; Bus Width ; Baseline Area ; Area if Restructured ; Saving if Restructured ; Registered ; Example Multiplexer Output                                                                             ;
+--------------------+-----------+---------------+----------------------+------------------------+------------+--------------------------------------------------------------------------------------------------------+
; 3:1                ; 16 bits   ; 32 LEs        ; 16 LEs               ; 16 LEs                 ; Yes        ; |BB_SYSTEM|matrix_ctrl:matrix_ctrl_unit_0|shift_reg_start_done:shift_reg_start_done_unit_0|cnt_reg[13] ;
; 4:1                ; 4 bits    ; 8 LEs         ; 8 LEs                ; 0 LEs                  ; Yes        ; |BB_SYSTEM|matrix_ctrl:matrix_ctrl_unit_0|shift_reg_start_done:shift_reg_start_done_unit_0|r_reg[14]   ;
; 4:1                ; 9 bits    ; 18 LEs        ; 18 LEs               ; 0 LEs                  ; Yes        ; |BB_SYSTEM|matrix_ctrl:matrix_ctrl_unit_0|shift_reg_start_done:shift_reg_start_done_unit_0|r_reg[10]   ;
; 5:1                ; 2 bits    ; 6 LEs         ; 4 LEs                ; 2 LEs                  ; No         ; |BB_SYSTEM|matrix_ctrl:matrix_ctrl_unit_0|state_reg                                                    ;
+--------------------+-----------+---------------+----------------------+------------------------+------------+--------------------------------------------------------------------------------------------------------+


+---------------------------------------------------------------------------+
; Parameter Settings for User Entity Instance: Top-level Entity: |BB_SYSTEM ;
+---------------------------+----------+------------------------------------+
; Parameter Name            ; Value    ; Type                               ;
+---------------------------+----------+------------------------------------+
; DATAWIDTH_BUS             ; 8        ; Signed Integer                     ;
; PRESCALER_DATAWIDTH       ; 23       ; Signed Integer                     ;
; DISPLAY_DATAWIDTH         ; 12       ; Signed Integer                     ;
; DATA_FIXED_INITREGPOINT_7 ; 00010000 ; Unsigned Binary                    ;
; DATA_FIXED_INITREGPOINT_6 ; 00111000 ; Unsigned Binary                    ;
; DATA_FIXED_INITREGPOINT_5 ; 01111100 ; Unsigned Binary                    ;
; DATA_FIXED_INITREGPOINT_4 ; 01111100 ; Unsigned Binary                    ;
; DATA_FIXED_INITREGPOINT_3 ; 00111000 ; Unsigned Binary                    ;
; DATA_FIXED_INITREGPOINT_2 ; 00010000 ; Unsigned Binary                    ;
; DATA_FIXED_INITREGPOINT_1 ; 00000000 ; Unsigned Binary                    ;
; DATA_FIXED_INITREGPOINT_0 ; 00010000 ; Unsigned Binary                    ;
+---------------------------+----------+------------------------------------+
Note: In order to hide this table in the UI and the text report file, please set the "Show Parameter Settings in Synthesis Report" option in "Analysis and Synthesis Settings -> More Settings" to "Off".


+---------------------------------------------------------------------------+
; Parameter Settings for User Entity Instance: SC_DEBOUNCE1:SC_DEBOUNCE1_u0 ;
+----------------+-------+--------------------------------------------------+
; Parameter Name ; Value ; Type                                             ;
+----------------+-------+--------------------------------------------------+
; N              ; 11    ; Signed Integer                                   ;
+----------------+-------+--------------------------------------------------+
Note: In order to hide this table in the UI and the text report file, please set the "Show Parameter Settings in Synthesis Report" option in "Analysis and Synthesis Settings -> More Settings" to "Off".


+---------------------------------------------------------------------------+
; Parameter Settings for User Entity Instance: SC_DEBOUNCE1:SC_DEBOUNCE1_u1 ;
+----------------+-------+--------------------------------------------------+
; Parameter Name ; Value ; Type                                             ;
+----------------+-------+--------------------------------------------------+
; N              ; 11    ; Signed Integer                                   ;
+----------------+-------+--------------------------------------------------+
Note: In order to hide this table in the UI and the text report file, please set the "Show Parameter Settings in Synthesis Report" option in "Analysis and Synthesis Settings -> More Settings" to "Off".


+---------------------------------------------------------------------------+
; Parameter Settings for User Entity Instance: SC_DEBOUNCE1:SC_DEBOUNCE1_u2 ;
+----------------+-------+--------------------------------------------------+
; Parameter Name ; Value ; Type                                             ;
+----------------+-------+--------------------------------------------------+
; N              ; 11    ; Signed Integer                                   ;
+----------------+-------+--------------------------------------------------+
Note: In order to hide this table in the UI and the text report file, please set the "Show Parameter Settings in Synthesis Report" option in "Analysis and Synthesis Settings -> More Settings" to "Off".


+------------------------------------------------------------------------------------------------------------------------------+
; Parameter Settings for User Entity Instance: matrix_ctrl:matrix_ctrl_unit_0|shift_reg_start_done:shift_reg_start_done_unit_0 ;
+----------------+-------+-----------------------------------------------------------------------------------------------------+
; Parameter Name ; Value ; Type                                                                                                ;
+----------------+-------+-----------------------------------------------------------------------------------------------------+
; N              ; 16    ; Signed Integer                                                                                      ;
+----------------+-------+-----------------------------------------------------------------------------------------------------+
Note: In order to hide this table in the UI and the text report file, please set the "Show Parameter Settings in Synthesis Report" option in "Analysis and Synthesis Settings -> More Settings" to "Off".


+-------------------------------------------------------------------------------------------------------------+
; Port Connectivity Checks: "matrix_ctrl:matrix_ctrl_unit_0|shift_reg_start_done:shift_reg_start_done_unit_0" ;
+-----------+-------+----------+------------------------------------------------------------------------------+
; Port      ; Type  ; Severity ; Details                                                                      ;
+-----------+-------+----------+------------------------------------------------------------------------------+
; d[15..12] ; Input ; Info     ; Stuck at GND                                                                 ;
+-----------+-------+----------+------------------------------------------------------------------------------+


+------------------------------------------------------------+
; Port Connectivity Checks: "matrix_ctrl:matrix_ctrl_unit_0" ;
+--------------+-------+----------+--------------------------+
; Port         ; Type  ; Severity ; Details                  ;
+--------------+-------+----------+--------------------------+
; disp_data[6] ; Input ; Info     ; Stuck at GND             ;
; intensity[3] ; Input ; Info     ; Stuck at VCC             ;
; intensity[2] ; Input ; Info     ; Stuck at GND             ;
; intensity[1] ; Input ; Info     ; Stuck at VCC             ;
; intensity[0] ; Input ; Info     ; Stuck at GND             ;
+--------------+-------+----------+--------------------------+


+-----------------------------------------------------+
; Post-Synthesis Netlist Statistics for Top Partition ;
+-----------------------+-----------------------------+
; Type                  ; Count                       ;
+-----------------------+-----------------------------+
; boundary_port         ; 11                          ;
; cycloneiii_ff         ; 97                          ;
;     CLR               ; 5                           ;
;     ENA CLR           ; 23                          ;
;     ENA CLR SCLR      ; 17                          ;
;     ENA CLR SLD       ; 10                          ;
;     SCLR              ; 33                          ;
;     plain             ; 9                           ;
; cycloneiii_lcell_comb ; 170                         ;
;     arith             ; 45                          ;
;         2 data inputs ; 45                          ;
;     normal            ; 125                         ;
;         1 data inputs ; 8                           ;
;         2 data inputs ; 17                          ;
;         3 data inputs ; 28                          ;
;         4 data inputs ; 72                          ;
;                       ;                             ;
; Max LUT depth         ; 4.00                        ;
; Average LUT depth     ; 2.40                        ;
+-----------------------+-----------------------------+


+-------------------------------+
; Elapsed Time Per Partition    ;
+----------------+--------------+
; Partition Name ; Elapsed Time ;
+----------------+--------------+
; Top            ; 00:00:00     ;
+----------------+--------------+


+-------------------------------+
; Analysis & Synthesis Messages ;
+-------------------------------+
Info: *******************************************************************
Info: Running Quartus Prime Analysis & Synthesis
    Info: Version 19.1.0 Build 670 09/22/2019 SJ Lite Edition
    Info: Processing started: Sun Oct 29 19:30:35 2023
Info: Command: quartus_map --read_settings_files=on --write_settings_files=off BB_SYSTEM -c BB_SYSTEM
Info (20032): Parallel compilation is enabled and will use up to 4 processors
Info (12021): Found 1 design units, including 1 entities, in source file rtl/shift_reg_start_done.v
    Info (12023): Found entity 1: shift_reg_start_done File: C:/Users/Asus ROG Zephyrus/OneDrive - Universidad de los Andes/Octavo Semestre/Digitales/M06/pruebaLibM06-main/2010-PRJ0_BASE_1/rtl/shift_reg_start_done.v Line: 34
Info (12021): Found 1 design units, including 1 entities, in source file rtl/max7219_ctrl.v
    Info (12023): Found entity 1: matrix_ctrl File: C:/Users/Asus ROG Zephyrus/OneDrive - Universidad de los Andes/Octavo Semestre/Digitales/M06/pruebaLibM06-main/2010-PRJ0_BASE_1/rtl/max7219_ctrl.v Line: 18
Info (12021): Found 1 design units, including 1 entities, in source file rtl/sc_debounce1.v
    Info (12023): Found entity 1: SC_DEBOUNCE1 File: C:/Users/Asus ROG Zephyrus/OneDrive - Universidad de los Andes/Octavo Semestre/Digitales/M06/pruebaLibM06-main/2010-PRJ0_BASE_1/rtl/SC_DEBOUNCE1.v Line: 44
Info (12021): Found 1 design units, including 1 entities, in source file bb_system.v
    Info (12023): Found entity 1: BB_SYSTEM File: C:/Users/Asus ROG Zephyrus/OneDrive - Universidad de los Andes/Octavo Semestre/Digitales/M06/pruebaLibM06-main/2010-PRJ0_BASE_1/BB_SYSTEM.v Line: 21
Info (12021): Found 1 design units, including 1 entities, in source file rtl/sc_reggeneral_matrix.v
    Info (12023): Found entity 1: SC_RegGENERAL File: C:/Users/Asus ROG Zephyrus/OneDrive - Universidad de los Andes/Octavo Semestre/Digitales/M06/pruebaLibM06-main/2010-PRJ0_BASE_1/rtl/SC_RegGENERAL_MATRIX.v Line: 22
Info (12021): Found 1 design units, including 1 entities, in source file rtl/sc_regshifter_p2.v
    Info (12023): Found entity 1: SC_RegSHIFTER_P2 File: C:/Users/Asus ROG Zephyrus/OneDrive - Universidad de los Andes/Octavo Semestre/Digitales/M06/pruebaLibM06-main/2010-PRJ0_BASE_1/rtl/SC_RegSHIFTER_P2.v Line: 21
Info (12021): Found 1 design units, including 1 entities, in source file rtl/sc_regshifter_p1.v
    Info (12023): Found entity 1: SC_RegSHIFTER_P1 File: C:/Users/Asus ROG Zephyrus/OneDrive - Universidad de los Andes/Octavo Semestre/Digitales/M06/pruebaLibM06-main/2010-PRJ0_BASE_1/rtl/SC_RegSHIFTER_P1.v Line: 21
Warning (10236): Verilog HDL Implicit Net warning at BB_SYSTEM.v(167): created implicit net for "BB_SYSTEM_TEST0" File: C:/Users/Asus ROG Zephyrus/OneDrive - Universidad de los Andes/Octavo Semestre/Digitales/M06/pruebaLibM06-main/2010-PRJ0_BASE_1/BB_SYSTEM.v Line: 167
Warning (10236): Verilog HDL Implicit Net warning at BB_SYSTEM.v(168): created implicit net for "BB_SYSTEM_TEST1" File: C:/Users/Asus ROG Zephyrus/OneDrive - Universidad de los Andes/Octavo Semestre/Digitales/M06/pruebaLibM06-main/2010-PRJ0_BASE_1/BB_SYSTEM.v Line: 168
Warning (10236): Verilog HDL Implicit Net warning at BB_SYSTEM.v(169): created implicit net for "BB_SYSTEM_TEST2" File: C:/Users/Asus ROG Zephyrus/OneDrive - Universidad de los Andes/Octavo Semestre/Digitales/M06/pruebaLibM06-main/2010-PRJ0_BASE_1/BB_SYSTEM.v Line: 169
Info (12127): Elaborating entity "BB_SYSTEM" for the top level hierarchy
Warning (10036): Verilog HDL or VHDL warning at BB_SYSTEM.v(167): object "BB_SYSTEM_TEST0" assigned a value but never read File: C:/Users/Asus ROG Zephyrus/OneDrive - Universidad de los Andes/Octavo Semestre/Digitales/M06/pruebaLibM06-main/2010-PRJ0_BASE_1/BB_SYSTEM.v Line: 167
Warning (10036): Verilog HDL or VHDL warning at BB_SYSTEM.v(168): object "BB_SYSTEM_TEST1" assigned a value but never read File: C:/Users/Asus ROG Zephyrus/OneDrive - Universidad de los Andes/Octavo Semestre/Digitales/M06/pruebaLibM06-main/2010-PRJ0_BASE_1/BB_SYSTEM.v Line: 168
Warning (10036): Verilog HDL or VHDL warning at BB_SYSTEM.v(169): object "BB_SYSTEM_TEST2" assigned a value but never read File: C:/Users/Asus ROG Zephyrus/OneDrive - Universidad de los Andes/Octavo Semestre/Digitales/M06/pruebaLibM06-main/2010-PRJ0_BASE_1/BB_SYSTEM.v Line: 169
Info (12128): Elaborating entity "SC_DEBOUNCE1" for hierarchy "SC_DEBOUNCE1:SC_DEBOUNCE1_u0" File: C:/Users/Asus ROG Zephyrus/OneDrive - Universidad de los Andes/Octavo Semestre/Digitales/M06/pruebaLibM06-main/2010-PRJ0_BASE_1/BB_SYSTEM.v Line: 104
Warning (10230): Verilog HDL assignment warning at SC_DEBOUNCE1.v(70): truncated value with size 32 to match size of target (11) File: C:/Users/Asus ROG Zephyrus/OneDrive - Universidad de los Andes/Octavo Semestre/Digitales/M06/pruebaLibM06-main/2010-PRJ0_BASE_1/rtl/SC_DEBOUNCE1.v Line: 70
Info (12128): Elaborating entity "matrix_ctrl" for hierarchy "matrix_ctrl:matrix_ctrl_unit_0" File: C:/Users/Asus ROG Zephyrus/OneDrive - Universidad de los Andes/Octavo Semestre/Digitales/M06/pruebaLibM06-main/2010-PRJ0_BASE_1/BB_SYSTEM.v Line: 157
Warning (10036): Verilog HDL or VHDL warning at max7219_ctrl.v(58): object "Trig_SignalNEG" assigned a value but never read File: C:/Users/Asus ROG Zephyrus/OneDrive - Universidad de los Andes/Octavo Semestre/Digitales/M06/pruebaLibM06-main/2010-PRJ0_BASE_1/rtl/max7219_ctrl.v Line: 58
Warning (10230): Verilog HDL assignment warning at max7219_ctrl.v(50): truncated value with size 32 to match size of target (4) File: C:/Users/Asus ROG Zephyrus/OneDrive - Universidad de los Andes/Octavo Semestre/Digitales/M06/pruebaLibM06-main/2010-PRJ0_BASE_1/rtl/max7219_ctrl.v Line: 50
Warning (10230): Verilog HDL assignment warning at max7219_ctrl.v(51): truncated value with size 32 to match size of target (4) File: C:/Users/Asus ROG Zephyrus/OneDrive - Universidad de los Andes/Octavo Semestre/Digitales/M06/pruebaLibM06-main/2010-PRJ0_BASE_1/rtl/max7219_ctrl.v Line: 51
Warning (10230): Verilog HDL assignment warning at max7219_ctrl.v(260): truncated value with size 32 to match size of target (4) File: C:/Users/Asus ROG Zephyrus/OneDrive - Universidad de los Andes/Octavo Semestre/Digitales/M06/pruebaLibM06-main/2010-PRJ0_BASE_1/rtl/max7219_ctrl.v Line: 260
Warning (10240): Verilog HDL Always Construct warning at max7219_ctrl.v(154): inferring latch(es) for variable "ctrl_sr", which holds its previous value in one or more paths through the always construct File: C:/Users/Asus ROG Zephyrus/OneDrive - Universidad de los Andes/Octavo Semestre/Digitales/M06/pruebaLibM06-main/2010-PRJ0_BASE_1/rtl/max7219_ctrl.v Line: 154
Warning (10230): Verilog HDL assignment warning at max7219_ctrl.v(278): truncated value with size 32 to match size of target (3) File: C:/Users/Asus ROG Zephyrus/OneDrive - Universidad de los Andes/Octavo Semestre/Digitales/M06/pruebaLibM06-main/2010-PRJ0_BASE_1/rtl/max7219_ctrl.v Line: 278
Info (10041): Inferred latch for "ctrl_sr[0]" at max7219_ctrl.v(154) File: C:/Users/Asus ROG Zephyrus/OneDrive - Universidad de los Andes/Octavo Semestre/Digitales/M06/pruebaLibM06-main/2010-PRJ0_BASE_1/rtl/max7219_ctrl.v Line: 154
Info (10041): Inferred latch for "ctrl_sr[1]" at max7219_ctrl.v(154) File: C:/Users/Asus ROG Zephyrus/OneDrive - Universidad de los Andes/Octavo Semestre/Digitales/M06/pruebaLibM06-main/2010-PRJ0_BASE_1/rtl/max7219_ctrl.v Line: 154
Info (12128): Elaborating entity "shift_reg_start_done" for hierarchy "matrix_ctrl:matrix_ctrl_unit_0|shift_reg_start_done:shift_reg_start_done_unit_0" File: C:/Users/Asus ROG Zephyrus/OneDrive - Universidad de los Andes/Octavo Semestre/Digitales/M06/pruebaLibM06-main/2010-PRJ0_BASE_1/rtl/max7219_ctrl.v Line: 109
Warning (10230): Verilog HDL assignment warning at shift_reg_start_done.v(69): truncated value with size 32 to match size of target (16) File: C:/Users/Asus ROG Zephyrus/OneDrive - Universidad de los Andes/Octavo Semestre/Digitales/M06/pruebaLibM06-main/2010-PRJ0_BASE_1/rtl/shift_reg_start_done.v Line: 69
Info (286030): Timing-Driven Synthesis is running
Info (17049): 7 registers lost all their fanouts during netlist optimizations.
Info (144001): Generated suppressed messages file C:/Users/Asus ROG Zephyrus/OneDrive - Universidad de los Andes/Octavo Semestre/Digitales/M06/pruebaLibM06-main/2010-PRJ0_BASE_1/BB_SYSTEM.map.smsg
Info (16010): Generating hard_block partition "hard_block:auto_generated_inst"
    Info (16011): Adding 0 node(s), including 0 DDIO, 0 PLL, 0 transceiver and 0 LCELL
Info (21057): Implemented 180 device resources after synthesis - the final resource count might be different
    Info (21058): Implemented 5 input pins
    Info (21059): Implemented 6 output pins
    Info (21061): Implemented 169 logic cells
Info: Quartus Prime Analysis & Synthesis was successful. 0 errors, 14 warnings
    Info: Peak virtual memory: 4763 megabytes
    Info: Processing ended: Sun Oct 29 19:30:50 2023
    Info: Elapsed time: 00:00:15
    Info: Total CPU time (on all processors): 00:00:22


+------------------------------------------+
; Analysis & Synthesis Suppressed Messages ;
+------------------------------------------+
The suppressed messages can be found in C:/Users/Asus ROG Zephyrus/OneDrive - Universidad de los Andes/Octavo Semestre/Digitales/M06/pruebaLibM06-main/2010-PRJ0_BASE_1/BB_SYSTEM.map.smsg.


